<?xml version="1.0" encoding="UTF-8"?>
<!-- Generated by org.testng.reporters.JUnitReportReporter -->
<testsuite hostname="hplaptop" failures="0" tests="1" name="Project1.OrangeHRM.VisaImmigration" time="40.941" errors="0" timestamp="2024-02-29T20:24:54 IST" skipped="0">
  <testcase classname="Project1.OrangeHRM.VisaImmigration" name="log" time="40.941"/>
  <system-out/>
</testsuite> <!-- Project1.OrangeHRM.VisaImmigration -->
