<?xml version="1.0" encoding="UTF-8"?>
<!-- Generated by org.testng.reporters.JUnitReportReporter -->
<testsuite hostname="hplaptop" failures="0" tests="1" name="Project1.OrangeHRM.FileAttachment" time="24.502" errors="0" timestamp="2024-02-29T20:49:29 IST" skipped="0">
  <testcase classname="Project1.OrangeHRM.FileAttachment" name="log" time="24.502"/>
  <system-out/>
</testsuite> <!-- Project1.OrangeHRM.FileAttachment -->
