<?xml version="1.0" encoding="UTF-8"?>
<!-- Generated by org.testng.reporters.JUnitReportReporter -->
<testsuite hostname="hplaptop" failures="0" tests="1" name="Project1.OrangeHRM.LoginFunction" time="25.142" errors="0" timestamp="2024-02-29T19:15:13 IST" skipped="0">
  <testcase classname="Project1.OrangeHRM.LoginFunction" name="log" time="25.142"/>
  <system-out/>
</testsuite> <!-- Project1.OrangeHRM.LoginFunction -->
