<?xml version="1.0" encoding="UTF-8"?>
<!-- Generated by org.testng.reporters.JUnitReportReporter -->
<testsuite hostname="hplaptop" failures="0" tests="1" name="Project1.OrangeHRM.JobView" time="23.533" errors="0" timestamp="2024-02-29T21:02:34 IST" skipped="0">
  <testcase classname="Project1.OrangeHRM.JobView" name="log" time="23.533"/>
  <system-out/>
</testsuite> <!-- Project1.OrangeHRM.JobView -->
