<?xml version="1.0" encoding="UTF-8"?>
<!-- Generated by org.testng.reporters.JUnitReportReporter -->
<testsuite hostname="hplaptop" failures="0" tests="1" name="Project1.OrangeHRM.DeleteImmegration" time="48.078" errors="0" timestamp="2024-02-29T21:13:41 IST" skipped="0">
  <testcase classname="Project1.OrangeHRM.DeleteImmegration" name="log" time="48.078"/>
  <system-out/>
</testsuite> <!-- Project1.OrangeHRM.DeleteImmegration -->
