<?xml version="1.0" encoding="UTF-8"?>
<!-- Generated by org.testng.reporters.JUnitReportReporter -->
<testsuite hostname="hplaptop" failures="0" tests="1" name="Project1.OrangeHRM.LoginFunction" time="21.885" errors="0" timestamp="2024-02-29T16:32:36 IST" skipped="0">
  <testcase classname="Project1.OrangeHRM.LoginFunction" name="setUp" time="21.885"/>
  <system-out/>
</testsuite> <!-- Project1.OrangeHRM.LoginFunction -->
