<?xml version="1.0" encoding="UTF-8"?>
<!-- Generated by org.testng.reporters.JUnitReportReporter -->
<testsuite hostname="hplaptop" failures="0" tests="1" name="Project1.OrangeHRM.FileAttachment" time="65.407" errors="0" timestamp="2024-02-29T21:13:45 IST" skipped="0">
  <testcase classname="Project1.OrangeHRM.FileAttachment" name="log" time="65.407"/>
  <system-out/>
</testsuite> <!-- Project1.OrangeHRM.FileAttachment -->
