<?xml version="1.0" encoding="UTF-8"?>
<!-- Generated by org.testng.reporters.JUnitReportReporter -->
<testsuite hostname="hplaptop" failures="0" tests="1" name="Project1.OrangeHRM.PassportImmigration" time="50.550" errors="0" timestamp="2024-02-29T21:13:40 IST" skipped="0">
  <testcase classname="Project1.OrangeHRM.PassportImmigration" name="log" time="50.550"/>
  <system-out/>
</testsuite> <!-- Project1.OrangeHRM.PassportImmigration -->
